{"C:\\Users\\wctla\\Project_Directory\\my-contacts\\backend\\amazons3.js": {"path":"C:\\Users\\wctla\\Project_Directory\\my-contacts\\backend\\amazons3.js","statementMap":{"0":{"start":{"line":4,"column":0},"end":{"line":4,"column":16}},"1":{"start":{"line":6,"column":11},"end":{"line":10,"column":2}}},"fnMap":{},"branchMap":{},"s":{"0":1,"1":1},"f":{},"b":{},"inputSourceMap":null,"_coverageSchema":"1a1c01bbd47fc00a2c39e90264f33305004495a9","hash":"8c1538783e042b217bd4799ae5544fb240b737b4"}
,"C:\\Users\\wctla\\Project_Directory\\my-contacts\\backend\\backend.js": {"path":"C:\\Users\\wctla\\Project_Directory\\my-contacts\\backend\\backend.js","statementMap":{"0":{"start":{"line":15,"column":12},"end":{"line":15,"column":21}},"1":{"start":{"line":16,"column":0},"end":{"line":21,"column":2}},"2":{"start":{"line":22,"column":0},"end":{"line":22,"column":16}},"3":{"start":{"line":23,"column":0},"end":{"line":23,"column":24}},"4":{"start":{"line":24,"column":0},"end":{"line":24,"column":24}},"5":{"start":{"line":26,"column":0},"end":{"line":44,"column":3}},"6":{"start":{"line":27,"column":2},"end":{"line":43,"column":3}},"7":{"start":{"line":28,"column":72},"end":{"line":28,"column":80}},"8":{"start":{"line":29,"column":17},"end":{"line":29,"column":19}},"9":{"start":{"line":30,"column":21},"end":{"line":30,"column":63}},"10":{"start":{"line":31,"column":21},"end":{"line":36,"column":6}},"11":{"start":{"line":37,"column":4},"end":{"line":37,"column":67}},"12":{"start":{"line":39,"column":4},"end":{"line":41,"column":5}},"13":{"start":{"line":40,"column":6},"end":{"line":40,"column":71}},"14":{"start":{"line":42,"column":4},"end":{"line":42,"column":49}},"15":{"start":{"line":46,"column":0},"end":{"line":66,"column":3}},"16":{"start":{"line":47,"column":23},"end":{"line":47,"column":47}},"17":{"start":{"line":48,"column":2},"end":{"line":65,"column":4}},"18":{"start":{"line":52,"column":6},"end":{"line":54,"column":7}},"19":{"start":{"line":53,"column":8},"end":{"line":53,"column":62}},"20":{"start":{"line":55,"column":6},"end":{"line":63,"column":7}},"21":{"start":{"line":56,"column":25},"end":{"line":56,"column":53}},"22":{"start":{"line":57,"column":8},"end":{"line":59,"column":9}},"23":{"start":{"line":58,"column":10},"end":{"line":58,"column":69}},"24":{"start":{"line":60,"column":8},"end":{"line":60,"column":27}},"25":{"start":{"line":62,"column":8},"end":{"line":62,"column":53}},"26":{"start":{"line":68,"column":0},"end":{"line":80,"column":3}},"27":{"start":{"line":69,"column":2},"end":{"line":79,"column":3}},"28":{"start":{"line":70,"column":24},"end":{"line":72,"column":6}},"29":{"start":{"line":73,"column":4},"end":{"line":75,"column":5}},"30":{"start":{"line":74,"column":6},"end":{"line":74,"column":63}},"31":{"start":{"line":76,"column":4},"end":{"line":76,"column":38}},"32":{"start":{"line":78,"column":4},"end":{"line":78,"column":49}},"33":{"start":{"line":82,"column":0},"end":{"line":107,"column":3}},"34":{"start":{"line":83,"column":2},"end":{"line":106,"column":3}},"35":{"start":{"line":84,"column":32},"end":{"line":84,"column":40}},"36":{"start":{"line":85,"column":17},"end":{"line":85,"column":53}},"37":{"start":{"line":86,"column":4},"end":{"line":103,"column":5}},"38":{"start":{"line":87,"column":6},"end":{"line":87,"column":72}},"39":{"start":{"line":89,"column":6},"end":{"line":102,"column":7}},"40":{"start":{"line":90,"column":28},"end":{"line":90,"column":65}},"41":{"start":{"line":91,"column":29},"end":{"line":91,"column":67}},"42":{"start":{"line":93,"column":8},"end":{"line":98,"column":11}},"43":{"start":{"line":99,"column":8},"end":{"line":99,"column":46}},"44":{"start":{"line":101,"column":8},"end":{"line":101,"column":62}},"45":{"start":{"line":105,"column":4},"end":{"line":105,"column":49}},"46":{"start":{"line":109,"column":0},"end":{"line":112,"column":3}},"47":{"start":{"line":110,"column":2},"end":{"line":110,"column":34}},"48":{"start":{"line":111,"column":2},"end":{"line":111,"column":50}},"49":{"start":{"line":115,"column":2},"end":{"line":115,"column":78}},"50":{"start":{"line":119,"column":2},"end":{"line":119,"column":79}},"51":{"start":{"line":122,"column":0},"end":{"line":134,"column":3}},"52":{"start":{"line":123,"column":23},"end":{"line":123,"column":47}},"53":{"start":{"line":124,"column":2},"end":{"line":126,"column":3}},"54":{"start":{"line":125,"column":4},"end":{"line":125,"column":61}},"55":{"start":{"line":127,"column":2},"end":{"line":133,"column":5}},"56":{"start":{"line":128,"column":4},"end":{"line":130,"column":5}},"57":{"start":{"line":129,"column":6},"end":{"line":129,"column":60}},"58":{"start":{"line":131,"column":27},"end":{"line":131,"column":63}},"59":{"start":{"line":132,"column":4},"end":{"line":132,"column":65}},"60":{"start":{"line":136,"column":0},"end":{"line":155,"column":3}},"61":{"start":{"line":137,"column":23},"end":{"line":137,"column":47}},"62":{"start":{"line":138,"column":2},"end":{"line":154,"column":4}},"63":{"start":{"line":142,"column":6},"end":{"line":152,"column":7}},"64":{"start":{"line":143,"column":8},"end":{"line":145,"column":9}},"65":{"start":{"line":144,"column":10},"end":{"line":144,"column":64}},"66":{"start":{"line":146,"column":8},"end":{"line":146,"column":32}},"67":{"start":{"line":147,"column":27},"end":{"line":147,"column":48}},"68":{"start":{"line":148,"column":8},"end":{"line":148,"column":32}},"69":{"start":{"line":149,"column":8},"end":{"line":149,"column":41}},"70":{"start":{"line":151,"column":8},"end":{"line":151,"column":53}},"71":{"start":{"line":157,"column":0},"end":{"line":195,"column":3}},"72":{"start":{"line":158,"column":2},"end":{"line":194,"column":3}},"73":{"start":{"line":159,"column":25},"end":{"line":159,"column":49}},"74":{"start":{"line":160,"column":4},"end":{"line":191,"column":6}},"75":{"start":{"line":164,"column":8},"end":{"line":166,"column":9}},"76":{"start":{"line":165,"column":10},"end":{"line":165,"column":64}},"77":{"start":{"line":167,"column":23},"end":{"line":167,"column":39}},"78":{"start":{"line":170,"column":8},"end":{"line":188,"column":64}},"79":{"start":{"line":171,"column":10},"end":{"line":187,"column":13}},"80":{"start":{"line":188,"column":15},"end":{"line":188,"column":64}},"81":{"start":{"line":189,"column":8},"end":{"line":189,"column":27}},"82":{"start":{"line":193,"column":4},"end":{"line":193,"column":49}},"83":{"start":{"line":197,"column":0},"end":{"line":211,"column":3}},"84":{"start":{"line":198,"column":2},"end":{"line":210,"column":3}},"85":{"start":{"line":199,"column":27},"end":{"line":203,"column":5}},"86":{"start":{"line":204,"column":4},"end":{"line":206,"column":5}},"87":{"start":{"line":205,"column":6},"end":{"line":205,"column":66}},"88":{"start":{"line":207,"column":4},"end":{"line":207,"column":41}},"89":{"start":{"line":209,"column":4},"end":{"line":209,"column":49}},"90":{"start":{"line":213,"column":0},"end":{"line":223,"column":3}},"91":{"start":{"line":214,"column":2},"end":{"line":222,"column":3}},"92":{"start":{"line":215,"column":27},"end":{"line":215,"column":73}},"93":{"start":{"line":216,"column":4},"end":{"line":218,"column":5}},"94":{"start":{"line":217,"column":6},"end":{"line":217,"column":66}},"95":{"start":{"line":219,"column":4},"end":{"line":219,"column":70}},"96":{"start":{"line":221,"column":4},"end":{"line":221,"column":49}},"97":{"start":{"line":225,"column":0},"end":{"line":242,"column":3}},"98":{"start":{"line":226,"column":2},"end":{"line":241,"column":3}},"99":{"start":{"line":227,"column":27},"end":{"line":231,"column":5}},"100":{"start":{"line":232,"column":4},"end":{"line":234,"column":5}},"101":{"start":{"line":233,"column":6},"end":{"line":233,"column":66}},"102":{"start":{"line":235,"column":4},"end":{"line":235,"column":41}},"103":{"start":{"line":236,"column":21},"end":{"line":236,"column":29}},"104":{"start":{"line":237,"column":19},"end":{"line":237,"column":51}},"105":{"start":{"line":238,"column":4},"end":{"line":238,"column":21}},"106":{"start":{"line":240,"column":4},"end":{"line":240,"column":49}},"107":{"start":{"line":244,"column":0},"end":{"line":252,"column":3}},"108":{"start":{"line":245,"column":2},"end":{"line":251,"column":3}},"109":{"start":{"line":246,"column":21},"end":{"line":246,"column":40}},"110":{"start":{"line":247,"column":4},"end":{"line":247,"column":26}},"111":{"start":{"line":248,"column":4},"end":{"line":248,"column":35}},"112":{"start":{"line":250,"column":4},"end":{"line":250,"column":49}},"113":{"start":{"line":254,"column":0},"end":{"line":279,"column":3}},"114":{"start":{"line":255,"column":2},"end":{"line":278,"column":3}},"115":{"start":{"line":256,"column":20},"end":{"line":256,"column":33}},"116":{"start":{"line":257,"column":38},"end":{"line":257,"column":46}},"117":{"start":{"line":258,"column":18},"end":{"line":258,"column":47}},"118":{"start":{"line":260,"column":4},"end":{"line":262,"column":5}},"119":{"start":{"line":261,"column":6},"end":{"line":261,"column":64}},"120":{"start":{"line":264,"column":4},"end":{"line":266,"column":5}},"121":{"start":{"line":265,"column":6},"end":{"line":265,"column":34}},"122":{"start":{"line":267,"column":4},"end":{"line":273,"column":5}},"123":{"start":{"line":268,"column":6},"end":{"line":272,"column":7}},"124":{"start":{"line":269,"column":8},"end":{"line":269,"column":40}},"125":{"start":{"line":271,"column":8},"end":{"line":271,"column":75}},"126":{"start":{"line":274,"column":25},"end":{"line":274,"column":43}},"127":{"start":{"line":275,"column":4},"end":{"line":275,"column":39}},"128":{"start":{"line":277,"column":4},"end":{"line":277,"column":49}},"129":{"start":{"line":281,"column":0},"end":{"line":302,"column":3}},"130":{"start":{"line":282,"column":2},"end":{"line":301,"column":3}},"131":{"start":{"line":283,"column":35},"end":{"line":283,"column":43}},"132":{"start":{"line":284,"column":20},"end":{"line":284,"column":45}},"133":{"start":{"line":285,"column":21},"end":{"line":290,"column":5}},"134":{"start":{"line":291,"column":22},"end":{"line":291,"column":73}},"135":{"start":{"line":292,"column":4},"end":{"line":297,"column":7}},"136":{"start":{"line":299,"column":4},"end":{"line":299,"column":55}},"137":{"start":{"line":300,"column":4},"end":{"line":300,"column":67}},"138":{"start":{"line":304,"column":0},"end":{"line":327,"column":3}},"139":{"start":{"line":305,"column":17},"end":{"line":307,"column":3}},"140":{"start":{"line":309,"column":2},"end":{"line":326,"column":3}},"141":{"start":{"line":310,"column":4},"end":{"line":321,"column":7}},"142":{"start":{"line":311,"column":6},"end":{"line":318,"column":7}},"143":{"start":{"line":312,"column":8},"end":{"line":317,"column":13}},"144":{"start":{"line":319,"column":20},"end":{"line":319,"column":57}},"145":{"start":{"line":319,"column":48},"end":{"line":319,"column":56}},"146":{"start":{"line":320,"column":6},"end":{"line":320,"column":26}},"147":{"start":{"line":323,"column":4},"end":{"line":325,"column":77}},"148":{"start":{"line":329,"column":0},"end":{"line":343,"column":3}},"149":{"start":{"line":330,"column":22},"end":{"line":330,"column":32}},"150":{"start":{"line":331,"column":19},"end":{"line":334,"column":3}},"151":{"start":{"line":336,"column":2},"end":{"line":342,"column":3}},"152":{"start":{"line":337,"column":4},"end":{"line":337,"column":46}},"153":{"start":{"line":338,"column":4},"end":{"line":338,"column":68}},"154":{"start":{"line":340,"column":4},"end":{"line":340,"column":49}},"155":{"start":{"line":341,"column":4},"end":{"line":341,"column":60}},"156":{"start":{"line":345,"column":13},"end":{"line":345,"column":37}},"157":{"start":{"line":346,"column":0},"end":{"line":349,"column":3}},"158":{"start":{"line":347,"column":2},"end":{"line":347,"column":20}},"159":{"start":{"line":348,"column":2},"end":{"line":348,"column":51}}},"fnMap":{"0":{"name":"(anonymous_0)","decl":{"start":{"line":26,"column":19},"end":{"line":26,"column":20}},"loc":{"start":{"line":26,"column":39},"end":{"line":44,"column":1}},"line":26},"1":{"name":"(anonymous_1)","decl":{"start":{"line":46,"column":18},"end":{"line":46,"column":19}},"loc":{"start":{"line":46,"column":38},"end":{"line":66,"column":1}},"line":46},"2":{"name":"(anonymous_2)","decl":{"start":{"line":51,"column":4},"end":{"line":51,"column":5}},"loc":{"start":{"line":51,"column":25},"end":{"line":64,"column":5}},"line":51},"3":{"name":"(anonymous_3)","decl":{"start":{"line":68,"column":22},"end":{"line":68,"column":23}},"loc":{"start":{"line":68,"column":42},"end":{"line":80,"column":1}},"line":68},"4":{"name":"(anonymous_4)","decl":{"start":{"line":82,"column":25},"end":{"line":82,"column":26}},"loc":{"start":{"line":82,"column":45},"end":{"line":107,"column":1}},"line":82},"5":{"name":"(anonymous_5)","decl":{"start":{"line":109,"column":20},"end":{"line":109,"column":21}},"loc":{"start":{"line":109,"column":34},"end":{"line":112,"column":1}},"line":109},"6":{"name":"generateAccessToken","decl":{"start":{"line":114,"column":9},"end":{"line":114,"column":28}},"loc":{"start":{"line":114,"column":35},"end":{"line":116,"column":1}},"line":114},"7":{"name":"generateRefreshToken","decl":{"start":{"line":118,"column":9},"end":{"line":118,"column":29}},"loc":{"start":{"line":118,"column":36},"end":{"line":120,"column":1}},"line":118},"8":{"name":"(anonymous_8)","decl":{"start":{"line":122,"column":21},"end":{"line":122,"column":22}},"loc":{"start":{"line":122,"column":35},"end":{"line":134,"column":1}},"line":122},"9":{"name":"(anonymous_9)","decl":{"start":{"line":127,"column":61},"end":{"line":127,"column":62}},"loc":{"start":{"line":127,"column":76},"end":{"line":133,"column":3}},"line":127},"10":{"name":"(anonymous_10)","decl":{"start":{"line":136,"column":21},"end":{"line":136,"column":22}},"loc":{"start":{"line":136,"column":41},"end":{"line":155,"column":1}},"line":136},"11":{"name":"(anonymous_11)","decl":{"start":{"line":141,"column":4},"end":{"line":141,"column":5}},"loc":{"start":{"line":141,"column":25},"end":{"line":153,"column":5}},"line":141},"12":{"name":"(anonymous_12)","decl":{"start":{"line":157,"column":20},"end":{"line":157,"column":21}},"loc":{"start":{"line":157,"column":40},"end":{"line":195,"column":1}},"line":157},"13":{"name":"(anonymous_13)","decl":{"start":{"line":163,"column":6},"end":{"line":163,"column":7}},"loc":{"start":{"line":163,"column":27},"end":{"line":190,"column":7}},"line":163},"14":{"name":"(anonymous_14)","decl":{"start":{"line":197,"column":24},"end":{"line":197,"column":25}},"loc":{"start":{"line":197,"column":44},"end":{"line":211,"column":1}},"line":197},"15":{"name":"(anonymous_15)","decl":{"start":{"line":213,"column":27},"end":{"line":213,"column":28}},"loc":{"start":{"line":213,"column":47},"end":{"line":223,"column":1}},"line":213},"16":{"name":"(anonymous_16)","decl":{"start":{"line":225,"column":18},"end":{"line":225,"column":19}},"loc":{"start":{"line":225,"column":38},"end":{"line":242,"column":1}},"line":225},"17":{"name":"(anonymous_17)","decl":{"start":{"line":244,"column":19},"end":{"line":244,"column":20}},"loc":{"start":{"line":244,"column":39},"end":{"line":252,"column":1}},"line":244},"18":{"name":"(anonymous_18)","decl":{"start":{"line":254,"column":22},"end":{"line":254,"column":23}},"loc":{"start":{"line":254,"column":42},"end":{"line":279,"column":1}},"line":254},"19":{"name":"(anonymous_19)","decl":{"start":{"line":281,"column":20},"end":{"line":281,"column":21}},"loc":{"start":{"line":281,"column":40},"end":{"line":302,"column":1}},"line":281},"20":{"name":"(anonymous_20)","decl":{"start":{"line":304,"column":19},"end":{"line":304,"column":20}},"loc":{"start":{"line":304,"column":39},"end":{"line":327,"column":1}},"line":304},"21":{"name":"(anonymous_21)","decl":{"start":{"line":310,"column":29},"end":{"line":310,"column":30}},"loc":{"start":{"line":310,"column":44},"end":{"line":321,"column":5}},"line":310},"22":{"name":"(anonymous_22)","decl":{"start":{"line":319,"column":38},"end":{"line":319,"column":39}},"loc":{"start":{"line":319,"column":48},"end":{"line":319,"column":56}},"line":319},"23":{"name":"(anonymous_23)","decl":{"start":{"line":329,"column":37},"end":{"line":329,"column":38}},"loc":{"start":{"line":329,"column":57},"end":{"line":343,"column":1}},"line":329},"24":{"name":"(anonymous_24)","decl":{"start":{"line":346,"column":17},"end":{"line":346,"column":18}},"loc":{"start":{"line":346,"column":29},"end":{"line":349,"column":1}},"line":346}},"branchMap":{"0":{"loc":{"start":{"line":39,"column":4},"end":{"line":41,"column":5}},"type":"if","locations":[{"start":{"line":39,"column":4},"end":{"line":41,"column":5}},{"start":{},"end":{}}],"line":39},"1":{"loc":{"start":{"line":39,"column":8},"end":{"line":39,"column":50}},"type":"binary-expr","locations":[{"start":{"line":39,"column":8},"end":{"line":39,"column":26}},{"start":{"line":39,"column":30},"end":{"line":39,"column":50}}],"line":39},"2":{"loc":{"start":{"line":52,"column":6},"end":{"line":54,"column":7}},"type":"if","locations":[{"start":{"line":52,"column":6},"end":{"line":54,"column":7}},{"start":{},"end":{}}],"line":52},"3":{"loc":{"start":{"line":57,"column":8},"end":{"line":59,"column":9}},"type":"if","locations":[{"start":{"line":57,"column":8},"end":{"line":59,"column":9}},{"start":{},"end":{}}],"line":57},"4":{"loc":{"start":{"line":73,"column":4},"end":{"line":75,"column":5}},"type":"if","locations":[{"start":{"line":73,"column":4},"end":{"line":75,"column":5}},{"start":{},"end":{}}],"line":73},"5":{"loc":{"start":{"line":86,"column":4},"end":{"line":103,"column":5}},"type":"if","locations":[{"start":{"line":86,"column":4},"end":{"line":103,"column":5}},{"start":{"line":88,"column":11},"end":{"line":103,"column":5}}],"line":86},"6":{"loc":{"start":{"line":89,"column":6},"end":{"line":102,"column":7}},"type":"if","locations":[{"start":{"line":89,"column":6},"end":{"line":102,"column":7}},{"start":{"line":100,"column":13},"end":{"line":102,"column":7}}],"line":89},"7":{"loc":{"start":{"line":124,"column":2},"end":{"line":126,"column":3}},"type":"if","locations":[{"start":{"line":124,"column":2},"end":{"line":126,"column":3}},{"start":{},"end":{}}],"line":124},"8":{"loc":{"start":{"line":128,"column":4},"end":{"line":130,"column":5}},"type":"if","locations":[{"start":{"line":128,"column":4},"end":{"line":130,"column":5}},{"start":{},"end":{}}],"line":128},"9":{"loc":{"start":{"line":143,"column":8},"end":{"line":145,"column":9}},"type":"if","locations":[{"start":{"line":143,"column":8},"end":{"line":145,"column":9}},{"start":{},"end":{}}],"line":143},"10":{"loc":{"start":{"line":164,"column":8},"end":{"line":166,"column":9}},"type":"if","locations":[{"start":{"line":164,"column":8},"end":{"line":166,"column":9}},{"start":{},"end":{}}],"line":164},"11":{"loc":{"start":{"line":170,"column":8},"end":{"line":188,"column":64}},"type":"if","locations":[{"start":{"line":170,"column":8},"end":{"line":188,"column":64}},{"start":{"line":188,"column":15},"end":{"line":188,"column":64}}],"line":170},"12":{"loc":{"start":{"line":204,"column":4},"end":{"line":206,"column":5}},"type":"if","locations":[{"start":{"line":204,"column":4},"end":{"line":206,"column":5}},{"start":{},"end":{}}],"line":204},"13":{"loc":{"start":{"line":216,"column":4},"end":{"line":218,"column":5}},"type":"if","locations":[{"start":{"line":216,"column":4},"end":{"line":218,"column":5}},{"start":{},"end":{}}],"line":216},"14":{"loc":{"start":{"line":232,"column":4},"end":{"line":234,"column":5}},"type":"if","locations":[{"start":{"line":232,"column":4},"end":{"line":234,"column":5}},{"start":{},"end":{}}],"line":232},"15":{"loc":{"start":{"line":260,"column":4},"end":{"line":262,"column":5}},"type":"if","locations":[{"start":{"line":260,"column":4},"end":{"line":262,"column":5}},{"start":{},"end":{}}],"line":260},"16":{"loc":{"start":{"line":264,"column":4},"end":{"line":266,"column":5}},"type":"if","locations":[{"start":{"line":264,"column":4},"end":{"line":266,"column":5}},{"start":{},"end":{}}],"line":264},"17":{"loc":{"start":{"line":267,"column":4},"end":{"line":273,"column":5}},"type":"if","locations":[{"start":{"line":267,"column":4},"end":{"line":273,"column":5}},{"start":{},"end":{}}],"line":267},"18":{"loc":{"start":{"line":268,"column":6},"end":{"line":272,"column":7}},"type":"if","locations":[{"start":{"line":268,"column":6},"end":{"line":272,"column":7}},{"start":{"line":270,"column":13},"end":{"line":272,"column":7}}],"line":268},"19":{"loc":{"start":{"line":311,"column":6},"end":{"line":318,"column":7}},"type":"if","locations":[{"start":{"line":311,"column":6},"end":{"line":318,"column":7}},{"start":{},"end":{}}],"line":311},"20":{"loc":{"start":{"line":345,"column":13},"end":{"line":345,"column":37}},"type":"binary-expr","locations":[{"start":{"line":345,"column":13},"end":{"line":345,"column":29}},{"start":{"line":345,"column":33},"end":{"line":345,"column":37}}],"line":345}},"s":{"0":1,"1":1,"2":1,"3":1,"4":1,"5":1,"6":4,"7":4,"8":4,"9":4,"10":4,"11":2,"12":2,"13":1,"14":1,"15":1,"16":0,"17":0,"18":0,"19":0,"20":0,"21":0,"22":0,"23":0,"24":0,"25":0,"26":1,"27":0,"28":0,"29":0,"30":0,"31":0,"32":0,"33":1,"34":0,"35":0,"36":0,"37":0,"38":0,"39":0,"40":0,"41":0,"42":0,"43":0,"44":0,"45":0,"46":1,"47":0,"48":0,"49":0,"50":0,"51":1,"52":0,"53":0,"54":0,"55":0,"56":0,"57":0,"58":0,"59":0,"60":1,"61":0,"62":0,"63":0,"64":0,"65":0,"66":0,"67":0,"68":0,"69":0,"70":0,"71":1,"72":0,"73":0,"74":0,"75":0,"76":0,"77":0,"78":0,"79":0,"80":0,"81":0,"82":0,"83":1,"84":3,"85":3,"86":3,"87":2,"88":1,"89":0,"90":1,"91":3,"92":3,"93":3,"94":2,"95":1,"96":0,"97":1,"98":0,"99":0,"100":0,"101":0,"102":0,"103":0,"104":0,"105":0,"106":0,"107":1,"108":0,"109":0,"110":0,"111":0,"112":0,"113":1,"114":0,"115":0,"116":0,"117":0,"118":0,"119":0,"120":0,"121":0,"122":0,"123":0,"124":0,"125":0,"126":0,"127":0,"128":0,"129":1,"130":0,"131":0,"132":0,"133":0,"134":0,"135":0,"136":0,"137":0,"138":1,"139":0,"140":0,"141":0,"142":0,"143":0,"144":0,"145":0,"146":0,"147":0,"148":1,"149":0,"150":0,"151":0,"152":0,"153":0,"154":0,"155":0,"156":1,"157":1,"158":1,"159":1},"f":{"0":4,"1":0,"2":0,"3":0,"4":0,"5":0,"6":0,"7":0,"8":0,"9":0,"10":0,"11":0,"12":0,"13":0,"14":3,"15":3,"16":0,"17":0,"18":0,"19":0,"20":0,"21":0,"22":0,"23":0,"24":1},"b":{"0":[1,1],"1":[2,1],"2":[0,0],"3":[0,0],"4":[0,0],"5":[0,0],"6":[0,0],"7":[0,0],"8":[0,0],"9":[0,0],"10":[0,0],"11":[0,0],"12":[2,1],"13":[2,1],"14":[0,0],"15":[0,0],"16":[0,0],"17":[0,0],"18":[0,0],"19":[0,0],"20":[1,1]},"inputSourceMap":null,"_coverageSchema":"1a1c01bbd47fc00a2c39e90264f33305004495a9","hash":"ab98cf84537334cf2bf9df1b18132d9d6cc194b7"}
,"C:\\Users\\wctla\\Project_Directory\\my-contacts\\backend\\contact.js": {"path":"C:\\Users\\wctla\\Project_Directory\\my-contacts\\backend\\contact.js","statementMap":{"0":{"start":{"line":3,"column":22},"end":{"line":33,"column":2}},"1":{"start":{"line":35,"column":16},"end":{"line":35,"column":56}}},"fnMap":{},"branchMap":{},"s":{"0":1,"1":1},"f":{},"b":{},"inputSourceMap":null,"_coverageSchema":"1a1c01bbd47fc00a2c39e90264f33305004495a9","hash":"785d31f94884acfd7eefcaed5bf24bc8d5db04ad"}
,"C:\\Users\\wctla\\Project_Directory\\my-contacts\\backend\\database.js": {"path":"C:\\Users\\wctla\\Project_Directory\\my-contacts\\backend\\database.js","statementMap":{"0":{"start":{"line":4,"column":0},"end":{"line":4,"column":16}},"1":{"start":{"line":6,"column":18},"end":{"line":14,"column":1}},"2":{"start":{"line":7,"column":2},"end":{"line":13,"column":3}},"3":{"start":{"line":8,"column":4},"end":{"line":8,"column":52}},"4":{"start":{"line":9,"column":4},"end":{"line":9,"column":51}},"5":{"start":{"line":11,"column":4},"end":{"line":11,"column":56}},"6":{"start":{"line":12,"column":4},"end":{"line":12,"column":20}}},"fnMap":{"0":{"name":"(anonymous_0)","decl":{"start":{"line":6,"column":18},"end":{"line":6,"column":19}},"loc":{"start":{"line":6,"column":30},"end":{"line":14,"column":1}},"line":6}},"branchMap":{},"s":{"0":1,"1":1,"2":1,"3":1,"4":1,"5":0,"6":0},"f":{"0":1},"b":{},"inputSourceMap":null,"_coverageSchema":"1a1c01bbd47fc00a2c39e90264f33305004495a9","hash":"c16654bf954bbe2cb9bf01ac5460a17d79ad9efa"}
,"C:\\Users\\wctla\\Project_Directory\\my-contacts\\backend\\group.js": {"path":"C:\\Users\\wctla\\Project_Directory\\my-contacts\\backend\\group.js","statementMap":{"0":{"start":{"line":3,"column":20},"end":{"line":19,"column":2}},"1":{"start":{"line":21,"column":14},"end":{"line":21,"column":50}}},"fnMap":{},"branchMap":{},"s":{"0":1,"1":1},"f":{},"b":{},"inputSourceMap":null,"_coverageSchema":"1a1c01bbd47fc00a2c39e90264f33305004495a9","hash":"58f6fbef1fa8907e2104566ce695891d657e3a75"}
,"C:\\Users\\wctla\\Project_Directory\\my-contacts\\backend\\user.js": {"path":"C:\\Users\\wctla\\Project_Directory\\my-contacts\\backend\\user.js","statementMap":{"0":{"start":{"line":3,"column":19},"end":{"line":26,"column":2}},"1":{"start":{"line":28,"column":13},"end":{"line":28,"column":47}}},"fnMap":{},"branchMap":{},"s":{"0":1,"1":1},"f":{},"b":{},"inputSourceMap":null,"_coverageSchema":"1a1c01bbd47fc00a2c39e90264f33305004495a9","hash":"dd757e890448aa6375939948f0c26e0d503626a9"}
}
