{
    "C:\\Users\\Peter\\Desktop\\code\\contacts\\my-contacts\\backend\\contact.js": {
        "path": "C:\\Users\\Peter\\Desktop\\code\\contacts\\my-contacts\\backend\\contact.js",
        "statementMap": {
            "0": {
                "start": { "line": 3, "column": 22 },
                "end": { "line": 43, "column": 2 }
            },
            "1": {
                "start": { "line": 45, "column": 16 },
                "end": { "line": 45, "column": 56 }
            }
        },
        "fnMap": {},
        "branchMap": {},
        "s": { "0": 1, "1": 1 },
        "f": {},
        "b": {},
        "inputSourceMap": null,
        "_coverageSchema": "1a1c01bbd47fc00a2c39e90264f33305004495a9",
        "hash": "413606a3a10063306c20a67c9b4673951450743c"
    },
    "C:\\Users\\Peter\\Desktop\\code\\contacts\\my-contacts\\backend\\group.js": {
        "path": "C:\\Users\\Peter\\Desktop\\code\\contacts\\my-contacts\\backend\\group.js",
        "statementMap": {
            "0": {
                "start": { "line": 3, "column": 20 },
                "end": { "line": 17, "column": 2 }
            },
            "1": {
                "start": { "line": 19, "column": 14 },
                "end": { "line": 19, "column": 50 }
            }
        },
        "fnMap": {},
        "branchMap": {},
        "s": { "0": 1, "1": 1 },
        "f": {},
        "b": {},
        "inputSourceMap": null,
        "_coverageSchema": "1a1c01bbd47fc00a2c39e90264f33305004495a9",
        "hash": "7877677dc0e1b4a092d96f919a6f7b2180a84feb"
    },
    "C:\\Users\\Peter\\Desktop\\code\\contacts\\my-contacts\\backend\\user.js": {
        "path": "C:\\Users\\Peter\\Desktop\\code\\contacts\\my-contacts\\backend\\user.js",
        "statementMap": {
            "0": {
                "start": { "line": 3, "column": 19 },
                "end": { "line": 26, "column": 2 }
            },
            "1": {
                "start": { "line": 28, "column": 13 },
                "end": { "line": 28, "column": 47 }
            }
        },
        "fnMap": {},
        "branchMap": {},
        "s": { "0": 1, "1": 1 },
        "f": {},
        "b": {},
        "inputSourceMap": null,
        "_coverageSchema": "1a1c01bbd47fc00a2c39e90264f33305004495a9",
        "hash": "9fc219c8d7421b714ee6700875d02d262ff36319"
    }
}
