TN:
SF:amazons3.js
FNF:0
FNH:0
DA:4,1
DA:6,1
LF:2
LH:2
BRF:0
BRH:0
end_of_record
TN:
SF:backend.js
FN:28,(anonymous_0)
FN:53,(anonymous_1)
FN:58,(anonymous_2)
FN:75,(anonymous_3)
FN:80,(anonymous_4)
FN:103,(anonymous_5)
FN:134,(anonymous_6)
FN:146,generateAccessToken
FN:150,generateRefreshToken
FN:154,(anonymous_9)
FN:159,(anonymous_10)
FN:168,(anonymous_11)
FN:173,(anonymous_12)
FN:189,(anonymous_13)
FN:194,(anonymous_14)
FN:208,(anonymous_15)
FN:213,(anonymous_16)
FN:246,(anonymous_17)
FN:252,(anonymous_18)
FN:277,(anonymous_19)
FN:282,(anonymous_20)
FN:303,(anonymous_21)
FN:308,(anonymous_22)
FN:329,(anonymous_23)
FN:334,(anonymous_24)
FN:349,(anonymous_25)
FN:354,(anonymous_26)
FN:372,(anonymous_27)
FN:377,(anonymous_28)
FN:393,(anonymous_29)
FN:398,(anonymous_30)
FN:436,(anonymous_31)
FN:441,(anonymous_32)
FN:464,(anonymous_33)
FN:480,(anonymous_34)
FN:502,(anonymous_35)
FN:508,(anonymous_36)
FN:515,(anonymous_37)
FN:526,(anonymous_38)
FN:543,(anonymous_39)
FN:548,(anonymous_40)
FNF:41
FNH:35
FNDA:3,(anonymous_0)
FNDA:4,(anonymous_1)
FNDA:4,(anonymous_2)
FNDA:4,(anonymous_3)
FNDA:4,(anonymous_4)
FNDA:4,(anonymous_5)
FNDA:1,(anonymous_6)
FNDA:2,generateAccessToken
FNDA:1,generateRefreshToken
FNDA:3,(anonymous_9)
FNDA:2,(anonymous_10)
FNDA:3,(anonymous_11)
FNDA:3,(anonymous_12)
FNDA:4,(anonymous_13)
FNDA:4,(anonymous_14)
FNDA:3,(anonymous_15)
FNDA:3,(anonymous_16)
FNDA:2,(anonymous_17)
FNDA:2,(anonymous_18)
FNDA:4,(anonymous_19)
FNDA:4,(anonymous_20)
FNDA:4,(anonymous_21)
FNDA:4,(anonymous_22)
FNDA:3,(anonymous_23)
FNDA:3,(anonymous_24)
FNDA:3,(anonymous_25)
FNDA:3,(anonymous_26)
FNDA:3,(anonymous_27)
FNDA:3,(anonymous_28)
FNDA:3,(anonymous_29)
FNDA:3,(anonymous_30)
FNDA:2,(anonymous_31)
FNDA:2,(anonymous_32)
FNDA:0,(anonymous_33)
FNDA:0,(anonymous_34)
FNDA:0,(anonymous_35)
FNDA:0,(anonymous_36)
FNDA:0,(anonymous_37)
FNDA:0,(anonymous_38)
FNDA:1,(anonymous_39)
FNDA:1,(anonymous_40)
DA:15,1
DA:16,1
DA:22,1
DA:23,1
DA:24,1
DA:26,1
DA:28,1
DA:29,3
DA:35,3
DA:36,3
DA:37,3
DA:38,3
DA:44,1
DA:46,2
DA:47,1
DA:49,1
DA:53,1
DA:54,4
DA:55,4
DA:59,4
DA:60,1
DA:62,3
DA:63,3
DA:64,2
DA:65,1
DA:67,1
DA:69,1
DA:75,1
DA:76,4
DA:77,4
DA:81,4
DA:82,1
DA:84,3
DA:85,3
DA:92,2
DA:93,1
DA:95,1
DA:97,1
DA:103,1
DA:104,4
DA:105,4
DA:106,4
DA:107,3
DA:108,1
DA:110,2
DA:111,1
DA:112,1
DA:114,1
DA:124,1
DA:126,1
DA:130,1
DA:134,1
DA:135,1
DA:143,1
DA:147,2
DA:151,1
DA:154,1
DA:155,3
DA:156,3
DA:157,1
DA:159,2
DA:160,2
DA:161,1
DA:163,1
DA:164,1
DA:168,1
DA:169,3
DA:170,3
DA:174,3
DA:175,1
DA:177,2
DA:178,2
DA:179,2
DA:180,2
DA:181,1
DA:183,1
DA:189,1
DA:190,4
DA:191,4
DA:195,4
DA:196,1
DA:198,3
DA:199,3
DA:200,2
DA:202,1
DA:208,1
DA:209,3
DA:210,3
DA:214,3
DA:215,1
DA:217,2
DA:218,2
DA:220,2
DA:221,0
DA:230,2
DA:238,1
DA:240,1
DA:246,1
DA:247,2
DA:248,2
DA:249,2
DA:253,2
DA:254,1
DA:256,1
DA:257,1
DA:258,1
DA:259,1
DA:261,1
DA:262,0
DA:267,1
DA:269,1
DA:273,0
DA:277,1
DA:278,4
DA:279,4
DA:283,4
DA:284,1
DA:286,3
DA:287,3
DA:292,2
DA:293,1
DA:295,1
DA:297,1
DA:303,1
DA:304,4
DA:305,4
DA:309,4
DA:310,1
DA:312,3
DA:313,3
DA:316,2
DA:317,1
DA:319,1
DA:323,1
DA:329,1
DA:330,3
DA:331,3
DA:335,3
DA:336,1
DA:338,2
DA:339,2
DA:340,2
DA:341,1
DA:343,1
DA:349,1
DA:350,3
DA:351,3
DA:355,3
DA:356,1
DA:358,2
DA:359,2
DA:360,2
DA:364,1
DA:366,1
DA:372,1
DA:373,3
DA:374,3
DA:378,3
DA:379,1
DA:381,2
DA:382,2
DA:383,2
DA:384,2
DA:385,1
DA:387,1
DA:393,1
DA:394,3
DA:395,3
DA:399,3
DA:400,1
DA:402,2
DA:403,2
DA:404,2
DA:405,2
DA:407,2
DA:408,1
DA:411,1
DA:412,1
DA:414,1
DA:415,1
DA:416,0
DA:417,0
DA:422,1
DA:427,0
DA:428,0
DA:430,0
DA:436,1
DA:437,2
DA:438,2
DA:442,2
DA:443,1
DA:445,1
DA:446,1
DA:447,1
DA:449,1
DA:451,1
DA:452,1
DA:456,0
DA:457,0
DA:463,0
DA:464,0
DA:467,0
DA:468,0
DA:472,0
DA:474,0
DA:480,1
DA:481,0
DA:482,0
DA:483,0
DA:484,0
DA:490,0
DA:491,0
DA:497,0
DA:498,0
DA:502,1
DA:503,0
DA:507,0
DA:508,0
DA:509,0
DA:510,0
DA:515,0
DA:516,0
DA:519,0
DA:526,1
DA:527,0
DA:528,0
DA:533,0
DA:534,0
DA:535,0
DA:537,0
DA:538,0
DA:542,1
DA:543,1
DA:544,1
DA:545,1
DA:548,1
DA:549,1
DA:550,0
LF:238
LH:198
BRDA:46,0,0,1
BRDA:46,0,1,1
BRDA:46,1,0,2
BRDA:46,1,1,1
BRDA:59,2,0,1
BRDA:59,2,1,3
BRDA:64,3,0,1
BRDA:64,3,1,1
BRDA:81,4,0,1
BRDA:81,4,1,3
BRDA:92,5,0,1
BRDA:92,5,1,1
BRDA:107,6,0,1
BRDA:107,6,1,2
BRDA:110,7,0,1
BRDA:110,7,1,1
BRDA:117,8,0,0
BRDA:117,8,1,1
BRDA:119,9,0,0
BRDA:119,9,1,1
BRDA:138,10,0,0
BRDA:138,10,1,1
BRDA:139,11,0,0
BRDA:139,11,1,1
BRDA:156,12,0,1
BRDA:156,12,1,2
BRDA:160,13,0,1
BRDA:160,13,1,1
BRDA:174,14,0,1
BRDA:174,14,1,2
BRDA:195,15,0,1
BRDA:195,15,1,3
BRDA:214,16,0,1
BRDA:214,16,1,2
BRDA:220,17,0,0
BRDA:220,17,1,2
BRDA:253,18,0,1
BRDA:253,18,1,1
BRDA:261,19,0,0
BRDA:261,19,1,1
BRDA:283,20,0,1
BRDA:283,20,1,3
BRDA:292,21,0,1
BRDA:292,21,1,1
BRDA:309,22,0,1
BRDA:309,22,1,3
BRDA:316,23,0,1
BRDA:316,23,1,1
BRDA:335,24,0,1
BRDA:335,24,1,2
BRDA:355,25,0,1
BRDA:355,25,1,2
BRDA:378,26,0,1
BRDA:378,26,1,2
BRDA:399,27,0,1
BRDA:399,27,1,2
BRDA:407,28,0,1
BRDA:407,28,1,1
BRDA:411,29,0,1
BRDA:411,29,1,0
BRDA:414,30,0,1
BRDA:414,30,1,0
BRDA:415,31,0,0
BRDA:415,31,1,1
BRDA:442,32,0,1
BRDA:442,32,1,1
BRDA:451,33,0,1
BRDA:451,33,1,0
BRDA:456,34,0,0
BRDA:456,34,1,0
BRDA:509,35,0,0
BRDA:509,35,1,0
BRDA:542,36,0,1
BRDA:542,36,1,1
BRF:74
BRH:60
end_of_record
TN:
SF:contact.js
FNF:0
FNH:0
DA:3,1
DA:45,1
LF:2
LH:2
BRF:0
BRH:0
end_of_record
TN:
SF:database.js
FN:6,(anonymous_0)
FN:16,(anonymous_1)
FNF:2
FNH:2
FNDA:1,(anonymous_0)
FNDA:1,(anonymous_1)
DA:4,1
DA:6,1
DA:7,1
DA:8,1
DA:9,1
DA:11,0
DA:12,0
DA:16,1
DA:17,1
DA:18,1
DA:22,0
LF:11
LH:8
BRF:0
BRH:0
end_of_record
TN:
SF:group.js
FNF:0
FNH:0
DA:3,1
DA:21,1
LF:2
LH:2
BRF:0
BRH:0
end_of_record
TN:
SF:user.js
FNF:0
FNH:0
DA:3,1
DA:28,1
LF:2
LH:2
BRF:0
BRH:0
end_of_record
