TN:
SF:amazons3.js
FNF:0
FNH:0
DA:4,1
DA:6,1
LF:2
LH:2
BRF:0
BRH:0
end_of_record
TN:
SF:backend.js
FN:26,(anonymous_0)
FN:51,(anonymous_1)
FN:56,(anonymous_2)
FN:73,(anonymous_3)
FN:91,(anonymous_4)
FN:120,(anonymous_5)
FN:132,generateAccessToken
FN:136,generateRefreshToken
FN:140,(anonymous_8)
FN:145,(anonymous_9)
FN:154,(anonymous_10)
FN:159,(anonymous_11)
FN:175,(anonymous_12)
FN:181,(anonymous_13)
FN:194,(anonymous_14)
FN:200,(anonymous_15)
FN:219,(anonymous_16)
FN:225,(anonymous_17)
FN:243,(anonymous_18)
FN:259,(anonymous_19)
FN:271,(anonymous_20)
FN:276,(anonymous_21)
FN:291,(anonymous_22)
FN:296,(anonymous_23)
FN:313,(anonymous_24)
FN:342,(anonymous_25)
FN:362,(anonymous_26)
FN:372,(anonymous_27)
FN:394,(anonymous_28)
FN:400,(anonymous_29)
FN:407,(anonymous_30)
FN:418,(anonymous_31)
FN:435,(anonymous_32)
FNF:33
FNH:27
FNDA:3,(anonymous_0)
FNDA:3,(anonymous_1)
FNDA:3,(anonymous_2)
FNDA:3,(anonymous_3)
FNDA:4,(anonymous_4)
FNDA:1,(anonymous_5)
FNDA:2,generateAccessToken
FNDA:1,generateRefreshToken
FNDA:3,(anonymous_8)
FNDA:2,(anonymous_9)
FNDA:3,(anonymous_10)
FNDA:3,(anonymous_11)
FNDA:4,(anonymous_12)
FNDA:4,(anonymous_13)
FNDA:3,(anonymous_14)
FNDA:3,(anonymous_15)
FNDA:2,(anonymous_16)
FNDA:2,(anonymous_17)
FNDA:3,(anonymous_18)
FNDA:3,(anonymous_19)
FNDA:3,(anonymous_20)
FNDA:3,(anonymous_21)
FNDA:3,(anonymous_22)
FNDA:3,(anonymous_23)
FNDA:3,(anonymous_24)
FNDA:1,(anonymous_25)
FNDA:0,(anonymous_26)
FNDA:0,(anonymous_27)
FNDA:0,(anonymous_28)
FNDA:0,(anonymous_29)
FNDA:0,(anonymous_30)
FNDA:0,(anonymous_31)
FNDA:1,(anonymous_32)
DA:15,1
DA:16,1
DA:22,1
DA:23,1
DA:24,1
DA:26,1
DA:27,3
DA:33,3
DA:34,3
DA:35,3
DA:36,3
DA:42,1
DA:44,2
DA:45,1
DA:47,1
DA:51,1
DA:52,3
DA:53,3
DA:57,3
DA:58,0
DA:60,3
DA:61,3
DA:62,2
DA:63,1
DA:65,1
DA:67,1
DA:73,1
DA:74,3
DA:75,3
DA:82,2
DA:83,1
DA:85,1
DA:87,1
DA:91,1
DA:92,4
DA:93,4
DA:94,4
DA:95,3
DA:96,1
DA:98,2
DA:99,1
DA:100,1
DA:102,1
DA:110,1
DA:112,1
DA:116,1
DA:120,1
DA:121,1
DA:129,1
DA:133,2
DA:137,1
DA:140,1
DA:141,3
DA:142,3
DA:143,1
DA:145,2
DA:146,2
DA:147,1
DA:149,1
DA:150,1
DA:154,1
DA:155,3
DA:156,3
DA:160,3
DA:161,3
DA:162,1
DA:164,2
DA:165,2
DA:166,2
DA:167,0
DA:169,2
DA:175,1
DA:176,4
DA:177,4
DA:178,4
DA:182,4
DA:183,1
DA:185,3
DA:186,2
DA:190,0
DA:194,1
DA:195,3
DA:196,3
DA:197,3
DA:201,3
DA:202,1
DA:204,2
DA:211,1
DA:215,0
DA:219,1
DA:220,2
DA:221,2
DA:222,2
DA:226,2
DA:227,1
DA:229,1
DA:230,1
DA:232,1
DA:234,1
DA:235,1
DA:239,0
DA:243,1
DA:244,3
DA:245,3
DA:250,2
DA:251,1
DA:253,1
DA:255,1
DA:259,1
DA:260,3
DA:261,3
DA:262,2
DA:263,1
DA:265,1
DA:267,1
DA:271,1
DA:272,3
DA:273,3
DA:277,3
DA:278,3
DA:279,1
DA:281,2
DA:282,2
DA:283,1
DA:285,1
DA:291,1
DA:292,3
DA:293,3
DA:297,3
DA:298,3
DA:299,1
DA:301,2
DA:302,2
DA:303,2
DA:304,0
DA:306,2
DA:307,2
DA:313,1
DA:314,3
DA:315,3
DA:316,3
DA:317,3
DA:319,3
DA:320,1
DA:323,2
DA:324,1
DA:326,2
DA:327,2
DA:328,2
DA:330,0
DA:335,2
DA:336,0
DA:338,2
DA:342,1
DA:343,1
DA:344,1
DA:345,1
DA:347,1
DA:349,1
DA:350,1
DA:354,0
DA:355,0
DA:361,0
DA:362,0
DA:365,0
DA:366,0
DA:368,0
DA:372,1
DA:373,0
DA:374,0
DA:375,0
DA:376,0
DA:382,0
DA:383,0
DA:389,0
DA:390,0
DA:394,1
DA:395,0
DA:399,0
DA:400,0
DA:401,0
DA:402,0
DA:407,0
DA:408,0
DA:411,0
DA:418,1
DA:419,0
DA:420,0
DA:425,0
DA:426,0
DA:427,0
DA:429,0
DA:430,0
DA:434,1
DA:435,1
DA:436,1
DA:437,1
LF:197
LH:159
BRDA:44,0,0,1
BRDA:44,0,1,1
BRDA:44,1,0,2
BRDA:44,1,1,1
BRDA:57,2,0,0
BRDA:57,2,1,3
BRDA:62,3,0,1
BRDA:62,3,1,1
BRDA:82,4,0,1
BRDA:82,4,1,1
BRDA:95,5,0,1
BRDA:95,5,1,2
BRDA:98,6,0,1
BRDA:98,6,1,1
BRDA:142,7,0,1
BRDA:142,7,1,2
BRDA:146,8,0,1
BRDA:146,8,1,1
BRDA:161,9,0,1
BRDA:161,9,1,2
BRDA:182,10,0,1
BRDA:182,10,1,3
BRDA:201,11,0,1
BRDA:201,11,1,2
BRDA:226,12,0,1
BRDA:226,12,1,1
BRDA:250,13,0,1
BRDA:250,13,1,1
BRDA:262,14,0,1
BRDA:262,14,1,1
BRDA:278,15,0,1
BRDA:278,15,1,2
BRDA:298,16,0,1
BRDA:298,16,1,2
BRDA:319,17,0,1
BRDA:319,17,1,2
BRDA:323,18,0,1
BRDA:323,18,1,1
BRDA:326,19,0,2
BRDA:326,19,1,0
BRDA:327,20,0,2
BRDA:327,20,1,0
BRDA:349,21,0,1
BRDA:349,21,1,0
BRDA:354,22,0,0
BRDA:354,22,1,0
BRDA:401,23,0,0
BRDA:401,23,1,0
BRDA:434,24,0,1
BRDA:434,24,1,1
BRF:50
BRH:42
end_of_record
TN:
SF:contact.js
FNF:0
FNH:0
DA:3,1
DA:45,1
LF:2
LH:2
BRF:0
BRH:0
end_of_record
TN:
SF:database.js
FN:6,(anonymous_0)
FNF:1
FNH:1
FNDA:1,(anonymous_0)
DA:4,1
DA:6,1
DA:7,1
DA:8,1
DA:9,1
DA:11,0
DA:12,0
LF:7
LH:5
BRF:0
BRH:0
end_of_record
TN:
SF:group.js
FNF:0
FNH:0
DA:3,1
DA:21,1
LF:2
LH:2
BRF:0
BRH:0
end_of_record
TN:
SF:user.js
FNF:0
FNH:0
DA:3,1
DA:28,1
LF:2
LH:2
BRF:0
BRH:0
end_of_record
